Watching for file changes with StatReloader
"GET /prefix/about/ HTTP/1.1" 200 8
Not Found: /favicon.ico
- Broken pipe from ('127.0.0.1', 64136)
D:\GB\TASKS\Django\myproject\myapp\views.py changed, reloading.
Watching for file changes with StatReloader
D:\GB\TASKS\Django\myproject\myapp\views.py changed, reloading.
Watching for file changes with StatReloader
Watching for file changes with StatReloader
"GET /prefix/about/ HTTP/1.1" 200 27
Not Found: /favicon.ico
- Broken pipe from ('127.0.0.1', 65052)
"GET /prefix/ HTTP/1.1" 200 13
D:\GB\TASKS\Django\myproject\myproject\settings.py changed, reloading.
Watching for file changes with StatReloader
Index page accessed!
"GET /prefix/ HTTP/1.1" 200 13
Error in about page: division by zero
Traceback (most recent call last):
  File "D:\GB\TASKS\Django\myproject\myapp\views.py", line 15, in about
    result = 1 / 0
             ~~^~~
ZeroDivisionError: division by zero
"GET /prefix/about/ HTTP/1.1" 200 27
D:\GB\TASKS\Django\myproject\myproject\settings.py changed, reloading.
INFO 2023-12-05 17:21:02,682 autoreload 23000 6988 Watching for file changes with StatReloader
INFO 2023-12-05 17:21:35,781 views 23000 11188 Index page accessed!
INFO 2023-12-05 17:21:35,781 basehttp 23000 11188 "GET / HTTP/1.1" 200 13
WARNING 2023-12-05 17:21:35,898 log 23000 11188 Not Found: /favicon.ico
WARNING 2023-12-05 17:21:35,898 basehttp 23000 11188 "GET /favicon.ico HTTP/1.1" 404 2548
INFO 2023-12-05 17:21:47,756 views 23000 11188 Index page accessed!
INFO 2023-12-05 17:21:47,772 basehttp 23000 11188 "GET / HTTP/1.1" 200 13
INFO 2023-12-05 17:22:19,044 basehttp 23000 11188 "GET /about HTTP/1.1" 301 0
ERROR 2023-12-05 17:22:19,096 views 23000 3080 Error in about page: division by zero
Traceback (most recent call last):
  File "D:\GB\TASKS\Django\myproject\myapp\views.py", line 15, in about
    result = 1 / 0
             ~~^~~
ZeroDivisionError: division by zero
INFO 2023-12-05 17:22:19,097 basehttp 23000 3080 "GET /about/ HTTP/1.1" 200 27
WARNING 2023-12-05 17:23:55,847 log 23000 3080 Not Found: /index/
WARNING 2023-12-05 17:23:55,847 basehttp 23000 3080 "GET /index/ HTTP/1.1" 404 2533
INFO 2023-12-05 17:24:23,088 views 23000 3080 Index page accessed!
INFO 2023-12-05 17:24:23,088 basehttp 23000 3080 "GET / HTTP/1.1" 200 13
INFO 2023-12-05 17:24:49,639 views 23000 3080 Index page accessed!
INFO 2023-12-05 17:24:49,639 basehttp 23000 3080 "GET /prefix/ HTTP/1.1" 200 13
INFO 2023-12-05 17:25:01,383 basehttp 23000 3080 "GET /prefix/about HTTP/1.1" 301 0
ERROR 2023-12-05 17:25:01,442 views 23000 3164 Error in about page: division by zero
Traceback (most recent call last):
  File "D:\GB\TASKS\Django\myproject\myapp\views.py", line 15, in about
    result = 1 / 0
             ~~^~~
ZeroDivisionError: division by zero
INFO 2023-12-05 17:25:01,443 basehttp 23000 3164 "GET /prefix/about/ HTTP/1.1" 200 27
INFO 2023-12-05 17:25:47,908 autoreload 23000 6988 D:\GB\TASKS\Django\myproject\myapp\views.py changed, reloading.
INFO 2023-12-05 17:25:48,340 autoreload 20056 15496 Watching for file changes with StatReloader
DEBUG 2023-12-05 17:25:50,312 views 20056 13448 About page accessed
INFO 2023-12-05 17:25:50,312 basehttp 20056 13448 "GET /prefix/about/ HTTP/1.1" 200 23
INFO 2023-12-05 17:26:00,804 autoreload 20056 15496 D:\GB\TASKS\Django\myproject\myapp\views.py changed, reloading.
INFO 2023-12-05 17:26:01,254 autoreload 20452 1520 Watching for file changes with StatReloader
ERROR 2023-12-05 17:26:02,503 views 20452 13568 Error in about page: division by zero
Traceback (most recent call last):
  File "D:\GB\TASKS\Django\myproject\myapp\views.py", line 15, in about
    result = 1 / 0
             ~~^~~
ZeroDivisionError: division by zero
INFO 2023-12-05 17:26:02,503 basehttp 20452 13568 "GET /prefix/about/ HTTP/1.1" 200 27
