INFO 2023-12-12 21:54:03,719 autoreload 21384 11956 Watching for file changes with StatReloader
INFO 2023-12-12 21:54:43,768 autoreload 21384 11956 D:\GB\TASKS\Django\basis\basisapp\views.py changed, reloading.
INFO 2023-12-12 21:54:44,194 autoreload 19824 13144 Watching for file changes with StatReloader
INFO 2023-12-12 21:56:24,351 autoreload 19824 13144 D:\GB\TASKS\Django\basis\basisapp\views.py changed, reloading.
INFO 2023-12-12 21:56:24,744 autoreload 10304 7500 Watching for file changes with StatReloader
INFO 2023-12-12 21:58:54,480 autoreload 10304 7500 D:\GB\TASKS\Django\basis\basis\urls.py changed, reloading.
INFO 2023-12-12 21:58:54,872 autoreload 8800 24264 Watching for file changes with StatReloader
WARNING 2023-12-12 22:01:03,843 log 8800 18440 Not Found: /
WARNING 2023-12-12 22:01:03,843 basehttp 8800 18440 "GET / HTTP/1.1" 404 2167
WARNING 2023-12-12 22:01:03,943 log 8800 18440 Not Found: /favicon.ico
INFO 2023-12-12 22:01:03,943 basehttp 8800 18440 - Broken pipe from ('127.0.0.1', 63209)
INFO 2023-12-12 22:02:30,532 autoreload 8800 24264 D:\GB\TASKS\Django\basis\basis\urls.py changed, reloading.
INFO 2023-12-12 22:02:30,977 autoreload 19444 23708 Watching for file changes with StatReloader
INFO 2023-12-12 22:03:41,259 autoreload 19444 23708 D:\GB\TASKS\Django\basis\basis\urls.py changed, reloading.
INFO 2023-12-12 22:03:41,756 autoreload 17352 3220 Watching for file changes with StatReloader
INFO 2023-12-12 22:05:40,911 autoreload 17352 3220 D:\GB\TASKS\Django\basis\basis\urls.py changed, reloading.
INFO 2023-12-12 22:05:41,310 autoreload 8720 19056 Watching for file changes with StatReloader
INFO 2023-12-12 22:05:59,823 autoreload 11456 17252 Watching for file changes with StatReloader
INFO 2023-12-12 22:06:30,504 autoreload 11456 17252 D:\GB\TASKS\Django\basis\basis\urls.py changed, reloading.
INFO 2023-12-12 22:06:30,877 autoreload 19540 20868 Watching for file changes with StatReloader
INFO 2023-12-12 22:06:33,745 basehttp 19540 17828 "GET / HTTP/1.1" 200 188
WARNING 2023-12-12 22:06:33,817 log 19540 17828 Not Found: /favicon.ico
INFO 2023-12-12 22:06:33,817 basehttp 19540 17828 - Broken pipe from ('127.0.0.1', 63436)
INFO 2023-12-12 22:07:12,946 autoreload 19540 20868 D:\GB\TASKS\Django\basis\basisapp\views.py changed, reloading.
INFO 2023-12-12 22:07:13,436 autoreload 14076 8264 Watching for file changes with StatReloader
INFO 2023-12-12 22:07:16,582 basehttp 14076 12552 "GET / HTTP/1.1" 200 205
WARNING 2023-12-12 22:07:16,665 log 14076 12552 Not Found: /favicon.ico
INFO 2023-12-12 22:07:16,665 basehttp 14076 12552 - Broken pipe from ('127.0.0.1', 63471)
INFO 2023-12-12 22:10:32,708 autoreload 14076 8264 D:\GB\TASKS\Django\basis\basis\urls.py changed, reloading.
INFO 2023-12-12 22:10:33,368 autoreload 1848 15592 Watching for file changes with StatReloader
INFO 2023-12-12 22:14:17,308 basehttp 1848 17232 "GET / HTTP/1.1" 200 205
WARNING 2023-12-12 22:14:17,380 log 1848 17232 Not Found: /favicon.ico
INFO 2023-12-12 22:14:17,380 basehttp 1848 17232 - Broken pipe from ('127.0.0.1', 63774)
INFO 2023-12-12 22:19:41,192 autoreload 1848 15592 D:\GB\TASKS\Django\basis\basisapp\views.py changed, reloading.
INFO 2023-12-12 22:19:41,689 autoreload 23408 10656 Watching for file changes with StatReloader
INFO 2023-12-12 22:19:45,172 basehttp 23408 12932 "GET / HTTP/1.1" 200 284
WARNING 2023-12-12 22:19:45,256 log 23408 12932 Not Found: /favicon.ico
INFO 2023-12-12 22:19:45,256 basehttp 23408 12932 - Broken pipe from ('127.0.0.1', 63968)
INFO 2023-12-12 22:41:00,877 autoreload 10720 17548 Watching for file changes with StatReloader
INFO 2023-12-12 22:41:04,412 basehttp 10720 9964 "GET / HTTP/1.1" 200 284
WARNING 2023-12-12 22:41:04,665 log 10720 9964 Not Found: /favicon.ico
INFO 2023-12-12 22:41:04,665 basehttp 10720 9964 - Broken pipe from ('127.0.0.1', 64849)
INFO 2023-12-12 22:47:58,573 autoreload 22676 15352 Watching for file changes with StatReloader
INFO 2023-12-12 22:48:03,226 basehttp 22676 21732 "GET / HTTP/1.1" 200 284
INFO 2023-12-13 18:46:39,197 autoreload 23348 1428 Watching for file changes with StatReloader
INFO 2023-12-13 18:46:43,923 basehttp 23348 12248 "GET / HTTP/1.1" 200 284
WARNING 2023-12-13 18:46:44,052 log 23348 12248 Not Found: /favicon.ico
INFO 2023-12-13 18:46:44,052 basehttp 23348 12248 - Broken pipe from ('127.0.0.1', 64856)
INFO 2023-12-13 18:47:24,345 autoreload 23348 1428 D:\GB\TASKS\Django\basis\basisapp\views.py changed, reloading.
INFO 2023-12-13 18:47:24,802 autoreload 7972 11636 Watching for file changes with StatReloader
INFO 2023-12-13 18:47:27,198 basehttp 7972 14864 "GET / HTTP/1.1" 200 286
WARNING 2023-12-13 18:47:27,267 log 7972 14864 Not Found: /favicon.ico
INFO 2023-12-13 18:47:27,267 basehttp 7972 14864 - Broken pipe from ('127.0.0.1', 64869)
INFO 2023-12-13 18:48:40,663 autoreload 7972 11636 D:\GB\TASKS\Django\basis\basisapp\views.py changed, reloading.
INFO 2023-12-13 18:48:41,275 autoreload 12108 6212 Watching for file changes with StatReloader
INFO 2023-12-13 18:48:43,289 basehttp 12108 10148 "GET / HTTP/1.1" 200 288
WARNING 2023-12-13 18:48:43,386 log 12108 10148 Not Found: /favicon.ico
INFO 2023-12-13 18:48:43,386 basehttp 12108 10148 - Broken pipe from ('127.0.0.1', 64888)
INFO 2023-12-13 18:49:14,196 autoreload 12108 6212 D:\GB\TASKS\Django\basis\basisapp\views.py changed, reloading.
INFO 2023-12-13 18:49:14,691 autoreload 8188 12192 Watching for file changes with StatReloader
INFO 2023-12-13 18:49:50,378 basehttp 8188 25124 "GET / HTTP/1.1" 200 286
WARNING 2023-12-13 18:49:50,493 log 8188 25124 Not Found: /favicon.ico
INFO 2023-12-13 18:49:50,493 basehttp 8188 25124 - Broken pipe from ('127.0.0.1', 64921)
INFO 2023-12-13 19:39:18,105 autoreload 18580 1984 Watching for file changes with StatReloader
INFO 2023-12-13 19:39:22,356 basehttp 18580 25160 "GET / HTTP/1.1" 200 286
WARNING 2023-12-13 19:39:22,485 log 18580 25160 Not Found: /favicon.ico
INFO 2023-12-13 19:39:22,485 basehttp 18580 25160 - Broken pipe from ('127.0.0.1', 50628)
INFO 2023-12-13 19:41:12,531 autoreload 18580 1984 D:\GB\TASKS\Django\basis\basisapp\views.py changed, reloading.
INFO 2023-12-13 19:41:13,086 autoreload 23924 9248 Watching for file changes with StatReloader
INFO 2023-12-13 19:41:16,721 basehttp 23924 12632 "GET / HTTP/1.1" 200 256
ERROR 2023-12-13 19:41:30,084 log 23924 12632 Internal Server Error: /fake_data/
Traceback (most recent call last):
  File "D:\GB\TASKS\Django\.virt\Lib\site-packages\django\core\handlers\exception.py", line 55, in inner
    response = get_response(request)
               ^^^^^^^^^^^^^^^^^^^^^
  File "D:\GB\TASKS\Django\.virt\Lib\site-packages\django\core\handlers\base.py", line 197, in _get_response
    response = wrapped_callback(request, *callback_args, **callback_kwargs)
               ^^^^^^^^^^^^^^^^^^^^^^^^^^^^^^^^^^^^^^^^^^^^^^^^^^^^^^^^^^^^
TypeError: fake_data() missing 1 required positional argument: 'count'
ERROR 2023-12-13 19:41:30,084 basehttp 23924 12632 "GET /fake_data/ HTTP/1.1" 500 61609
WARNING 2023-12-13 19:41:57,958 log 23924 12632 Not Found: /fake_data/2
WARNING 2023-12-13 19:41:57,959 basehttp 23924 12632 "GET /fake_data/2 HTTP/1.1" 404 2522
INFO 2023-12-13 19:44:41,725 autoreload 23924 9248 D:\GB\TASKS\Django\basis\basisapp\views.py changed, reloading.
INFO 2023-12-13 19:44:42,347 autoreload 6420 8688 Watching for file changes with StatReloader
INFO 2023-12-13 19:52:41,838 autoreload 22560 15144 Watching for file changes with StatReloader
WARNING 2023-12-13 19:52:45,555 log 22560 24412 Not Found: /fake_data/2
WARNING 2023-12-13 19:52:45,557 basehttp 22560 24412 "GET /fake_data/2 HTTP/1.1" 404 2522
INFO 2023-12-13 19:55:04,021 autoreload 22560 15144 D:\GB\TASKS\Django\basis\basisapp\urls.py changed, reloading.
INFO 2023-12-13 19:55:04,468 autoreload 19056 4884 Watching for file changes with StatReloader
ERROR 2023-12-13 19:55:07,932 log 19056 6552 Internal Server Error: /fake_data/2
Traceback (most recent call last):
  File "D:\GB\TASKS\Django\.virt\Lib\site-packages\django\core\handlers\exception.py", line 55, in inner
    response = get_response(request)
               ^^^^^^^^^^^^^^^^^^^^^
  File "D:\GB\TASKS\Django\.virt\Lib\site-packages\django\core\handlers\base.py", line 197, in _get_response
    response = wrapped_callback(request, *callback_args, **callback_kwargs)
               ^^^^^^^^^^^^^^^^^^^^^^^^^^^^^^^^^^^^^^^^^^^^^^^^^^^^^^^^^^^^
  File "D:\GB\TASKS\Django\basis\basisapp\views.py", line 51, in fake_data
    total_price=f'{int(Product.price)*Product.quantity}',
                   ^^^^^^^^^^^^^^^^^^
TypeError: int() argument must be a string, a bytes-like object or a real number, not 'DeferredAttribute'
ERROR 2023-12-13 19:55:07,932 basehttp 19056 6552 "GET /fake_data/2 HTTP/1.1" 500 66476
INFO 2023-12-13 19:58:43,352 autoreload 19056 4884 D:\GB\TASKS\Django\basis\basisapp\views.py changed, reloading.
INFO 2023-12-13 19:58:43,873 autoreload 17952 10608 Watching for file changes with StatReloader
INFO 2023-12-13 19:59:19,784 autoreload 17952 10608 D:\GB\TASKS\Django\basis\basisapp\views.py changed, reloading.
INFO 2023-12-13 19:59:20,186 autoreload 13352 12488 Watching for file changes with StatReloader
ERROR 2023-12-13 19:59:23,845 log 13352 22716 Internal Server Error: /fake_data/2
Traceback (most recent call last):
  File "D:\GB\TASKS\Django\.virt\Lib\site-packages\django\core\handlers\exception.py", line 55, in inner
    response = get_response(request)
               ^^^^^^^^^^^^^^^^^^^^^
  File "D:\GB\TASKS\Django\.virt\Lib\site-packages\django\core\handlers\base.py", line 197, in _get_response
    response = wrapped_callback(request, *callback_args, **callback_kwargs)
               ^^^^^^^^^^^^^^^^^^^^^^^^^^^^^^^^^^^^^^^^^^^^^^^^^^^^^^^^^^^^
  File "D:\GB\TASKS\Django\basis\basisapp\views.py", line 52, in fake_data
    total_price=f'{Product.price*Product.quantity}',
                   ~~~~~~~~~~~~~^~~~~~~~~~~~~~~~~
TypeError: unsupported operand type(s) for *: 'DeferredAttribute' and 'DeferredAttribute'
ERROR 2023-12-13 19:59:23,845 basehttp 13352 22716 "GET /fake_data/2 HTTP/1.1" 500 66491
INFO 2023-12-13 20:01:27,041 autoreload 13352 12488 D:\GB\TASKS\Django\basis\basis\settings.py changed, reloading.
Watching for file changes with StatReloader
Internal Server Error: /fake_data/2
Traceback (most recent call last):
  File "D:\GB\TASKS\Django\.virt\Lib\site-packages\django\core\handlers\exception.py", line 55, in inner
    response = get_response(request)
               ^^^^^^^^^^^^^^^^^^^^^
  File "D:\GB\TASKS\Django\.virt\Lib\site-packages\django\core\handlers\base.py", line 197, in _get_response
    response = wrapped_callback(request, *callback_args, **callback_kwargs)
               ^^^^^^^^^^^^^^^^^^^^^^^^^^^^^^^^^^^^^^^^^^^^^^^^^^^^^^^^^^^^
  File "D:\GB\TASKS\Django\basis\basisapp\views.py", line 52, in fake_data
    total_price=f'{Product.price*Product.quantity}',
                   ~~~~~~~~~~~~~^~~~~~~~~~~~~~~~~
TypeError: unsupported operand type(s) for *: 'DeferredAttribute' and 'DeferredAttribute'
"GET /fake_data/2 HTTP/1.1" 500 66001
D:\GB\TASKS\Django\basis\basisapp\views.py changed, reloading.
Watching for file changes with StatReloader
Internal Server Error: /fake_data/2
Traceback (most recent call last):
  File "D:\GB\TASKS\Django\.virt\Lib\site-packages\django\core\handlers\exception.py", line 55, in inner
    response = get_response(request)
               ^^^^^^^^^^^^^^^^^^^^^
  File "D:\GB\TASKS\Django\.virt\Lib\site-packages\django\core\handlers\base.py", line 197, in _get_response
    response = wrapped_callback(request, *callback_args, **callback_kwargs)
               ^^^^^^^^^^^^^^^^^^^^^^^^^^^^^^^^^^^^^^^^^^^^^^^^^^^^^^^^^^^^
  File "D:\GB\TASKS\Django\basis\basisapp\views.py", line 49, in fake_data
    return HttpResponse(f'Œ¡ÕŒ¬À≈Õ¿ ¡¿«¿ «¿ ¿«Œ¬<br>y = {y}<br>user={User.objects.first()}<br>product={Product.objects.first()}')
                                                                                                      ^^^^^^^^^^^^^^^^^^^^^^^^^
  File "D:\GB\TASKS\Django\basis\basisapp\models.py", line 49, in __str__
    return f'{self.name} {self.price} {self.quantity}'
              ^^^^^^^^^
AttributeError: 'Product' object has no attribute 'name'
"GET /fake_data/2 HTTP/1.1" 500 70332
D:\GB\TASKS\Django\basis\basisapp\models.py changed, reloading.
Watching for file changes with StatReloader
"GET /fake_data/2 HTTP/1.1" 200 122
Watching for file changes with StatReloader
"GET / HTTP/1.1" 200 256
Internal Server Error: /fake_data/2
Traceback (most recent call last):
  File "D:\GB\TASKS\Django\.virt\Lib\site-packages\django\core\handlers\exception.py", line 55, in inner
    response = get_response(request)
               ^^^^^^^^^^^^^^^^^^^^^
  File "D:\GB\TASKS\Django\.virt\Lib\site-packages\django\core\handlers\base.py", line 197, in _get_response
    response = wrapped_callback(request, *callback_args, **callback_kwargs)
               ^^^^^^^^^^^^^^^^^^^^^^^^^^^^^^^^^^^^^^^^^^^^^^^^^^^^^^^^^^^^
  File "D:\GB\TASKS\Django\basis\basisapp\views.py", line 54, in fake_data
    total_price=f'{Product.price*Product.quantity}',
                   ~~~~~~~~~~~~~^~~~~~~~~~~~~~~~~
TypeError: unsupported operand type(s) for *: 'DeferredAttribute' and 'DeferredAttribute'
"GET /fake_data/2 HTTP/1.1" 500 66038
D:\GB\TASKS\Django\basis\basisapp\views.py changed, reloading.
Watching for file changes with StatReloader
Watching for file changes with StatReloader
Internal Server Error: /fake_data/2
Traceback (most recent call last):
  File "D:\GB\TASKS\Django\.virt\Lib\site-packages\django\db\backends\utils.py", line 89, in _execute
    return self.cursor.execute(sql, params)
           ^^^^^^^^^^^^^^^^^^^^^^^^^^^^^^^^
  File "D:\GB\TASKS\Django\.virt\Lib\site-packages\django\db\backends\sqlite3\base.py", line 328, in execute
    return super().execute(query, params)
           ^^^^^^^^^^^^^^^^^^^^^^^^^^^^^^
sqlite3.IntegrityError: NOT NULL constraint failed: basisapp_order.total_price

The above exception was the direct cause of the following exception:

Traceback (most recent call last):
  File "D:\GB\TASKS\Django\.virt\Lib\site-packages\django\core\handlers\exception.py", line 55, in inner
    response = get_response(request)
               ^^^^^^^^^^^^^^^^^^^^^
  File "D:\GB\TASKS\Django\.virt\Lib\site-packages\django\core\handlers\base.py", line 197, in _get_response
    response = wrapped_callback(request, *callback_args, **callback_kwargs)
               ^^^^^^^^^^^^^^^^^^^^^^^^^^^^^^^^^^^^^^^^^^^^^^^^^^^^^^^^^^^^
  File "D:\GB\TASKS\Django\basis\basisapp\views.py", line 57, in fake_data
    order.save()
  File "D:\GB\TASKS\Django\.virt\Lib\site-packages\django\db\models\base.py", line 814, in save
    self.save_base(
  File "D:\GB\TASKS\Django\.virt\Lib\site-packages\django\db\models\base.py", line 877, in save_base
    updated = self._save_table(
              ^^^^^^^^^^^^^^^^^
  File "D:\GB\TASKS\Django\.virt\Lib\site-packages\django\db\models\base.py", line 1020, in _save_table
    results = self._do_insert(
              ^^^^^^^^^^^^^^^^
  File "D:\GB\TASKS\Django\.virt\Lib\site-packages\django\db\models\base.py", line 1061, in _do_insert
    return manager._insert(
           ^^^^^^^^^^^^^^^^
  File "D:\GB\TASKS\Django\.virt\Lib\site-packages\django\db\models\manager.py", line 87, in manager_method
    return getattr(self.get_queryset(), name)(*args, **kwargs)
           ^^^^^^^^^^^^^^^^^^^^^^^^^^^^^^^^^^^^^^^^^^^^^^^^^^^
  File "D:\GB\TASKS\Django\.virt\Lib\site-packages\django\db\models\query.py", line 1805, in _insert
    return query.get_compiler(using=using).execute_sql(returning_fields)
           ^^^^^^^^^^^^^^^^^^^^^^^^^^^^^^^^^^^^^^^^^^^^^^^^^^^^^^^^^^^^^
  File "D:\GB\TASKS\Django\.virt\Lib\site-packages\django\db\models\sql\compiler.py", line 1822, in execute_sql
    cursor.execute(sql, params)
  File "D:\GB\TASKS\Django\.virt\Lib\site-packages\django\db\backends\utils.py", line 102, in execute
    return super().execute(sql, params)
           ^^^^^^^^^^^^^^^^^^^^^^^^^^^^
  File "D:\GB\TASKS\Django\.virt\Lib\site-packages\django\db\backends\utils.py", line 67, in execute
    return self._execute_with_wrappers(
           ^^^^^^^^^^^^^^^^^^^^^^^^^^^^
  File "D:\GB\TASKS\Django\.virt\Lib\site-packages\django\db\backends\utils.py", line 80, in _execute_with_wrappers
    return executor(sql, params, many, context)
           ^^^^^^^^^^^^^^^^^^^^^^^^^^^^^^^^^^^^
  File "D:\GB\TASKS\Django\.virt\Lib\site-packages\django\db\backends\utils.py", line 84, in _execute
    with self.db.wrap_database_errors:
  File "D:\GB\TASKS\Django\.virt\Lib\site-packages\django\db\utils.py", line 91, in __exit__
    raise dj_exc_value.with_traceback(traceback) from exc_value
  File "D:\GB\TASKS\Django\.virt\Lib\site-packages\django\db\backends\utils.py", line 89, in _execute
    return self.cursor.execute(sql, params)
           ^^^^^^^^^^^^^^^^^^^^^^^^^^^^^^^^
  File "D:\GB\TASKS\Django\.virt\Lib\site-packages\django\db\backends\sqlite3\base.py", line 328, in execute
    return super().execute(query, params)
           ^^^^^^^^^^^^^^^^^^^^^^^^^^^^^^
django.db.utils.IntegrityError: NOT NULL constraint failed: basisapp_order.total_price
"GET /fake_data/2 HTTP/1.1" 500 146656
D:\GB\TASKS\Django\basis\basisapp\models.py changed, reloading.
Watching for file changes with StatReloader
Watching for file changes with StatReloader
Watching for file changes with StatReloader
"GET /fake_data/2 HTTP/1.1" 200 121
D:\GB\TASKS\Django\basis\basisapp\views.py changed, reloading.
Watching for file changes with StatReloader
D:\GB\TASKS\Django\basis\basisapp\views.py changed, reloading.
Watching for file changes with StatReloader
"GET /fake_data/2 HTTP/1.1" 200 321
D:\GB\TASKS\Django\basis\basisapp\views.py changed, reloading.
Watching for file changes with StatReloader
Internal Server Error: /fake_data/2
Traceback (most recent call last):
  File "D:\GB\TASKS\Django\.virt\Lib\site-packages\django\core\handlers\exception.py", line 55, in inner
    response = get_response(request)
               ^^^^^^^^^^^^^^^^^^^^^
  File "D:\GB\TASKS\Django\.virt\Lib\site-packages\django\core\handlers\base.py", line 197, in _get_response
    response = wrapped_callback(request, *callback_args, **callback_kwargs)
               ^^^^^^^^^^^^^^^^^^^^^^^^^^^^^^^^^^^^^^^^^^^^^^^^^^^^^^^^^^^^
  File "D:\GB\TASKS\Django\basis\basisapp\views.py", line 60, in fake_data
    return HttpResponse(f'Œ¡ÕŒ¬À≈Õ¿ ¡¿«¿ «¿ ¿«Œ¬<br>y = {y}<br>user={User.objects.first()}<br>product={Product.objects.first()}<br>ˆÂÌ‡ = {Product.__price__}<br>ÍÓÎË˜ÂÒÚ‚Ó = {Product.quantity}<br>')
                                                                                                                                           ^^^^^^^^^^^^^^^^^
AttributeError: type object 'Product' has no attribute '__price__'. Did you mean: '__dict__'?
"GET /fake_data/2 HTTP/1.1" 500 66689
D:\GB\TASKS\Django\basis\basisapp\views.py changed, reloading.
Watching for file changes with StatReloader
Internal Server Error: /fake_data/2
Traceback (most recent call last):
  File "D:\GB\TASKS\Django\.virt\Lib\site-packages\django\core\handlers\exception.py", line 55, in inner
    response = get_response(request)
               ^^^^^^^^^^^^^^^^^^^^^
  File "D:\GB\TASKS\Django\.virt\Lib\site-packages\django\core\handlers\base.py", line 197, in _get_response
    response = wrapped_callback(request, *callback_args, **callback_kwargs)
               ^^^^^^^^^^^^^^^^^^^^^^^^^^^^^^^^^^^^^^^^^^^^^^^^^^^^^^^^^^^^
  File "D:\GB\TASKS\Django\basis\basisapp\views.py", line 60, in fake_data
    return HttpResponse(f'Œ¡ÕŒ¬À≈Õ¿ ¡¿«¿ «¿ ¿«Œ¬<br>y = {y}<br>user={User.objects.first()}<br>product={Product.objects.first()}<br>ˆÂÌ‡ = {Product.objects.price}<br>ÍÓÎË˜ÂÒÚ‚Ó = {Product.quantity}<br>')
                                                                                                                                           ^^^^^^^^^^^^^^^^^^^^^
AttributeError: 'Manager' object has no attribute 'price'
"GET /fake_data/2 HTTP/1.1" 500 66669
Watching for file changes with StatReloader
D:\GB\TASKS\Django\basis\basisapp\views.py changed, reloading.
Watching for file changes with StatReloader
"GET /fake_data/2 HTTP/1.1" 200 320
D:\GB\TASKS\Django\basis\basisapp\views.py changed, reloading.
Watching for file changes with StatReloader
"GET /fake_data/2 HTTP/1.1" 200 245
Not Found: /favicon.ico
- Broken pipe from ('127.0.0.1', 53309)
Watching for file changes with StatReloader
"GET /fake_data/2 HTTP/1.1" 200 245
D:\GB\TASKS\Django\basis\basisapp\views.py changed, reloading.
Watching for file changes with StatReloader
"GET /fake_data/2 HTTP/1.1" 200 169
"GET /fake_data/2 HTTP/1.1" 200 169
D:\GB\TASKS\Django\basis\basisapp\views.py changed, reloading.
Watching for file changes with StatReloader
D:\GB\TASKS\Django\basis\basisapp\models.py changed, reloading.
Watching for file changes with StatReloader
D:\GB\TASKS\Django\basis\basisapp\views.py changed, reloading.
Watching for file changes with StatReloader
Watching for file changes with StatReloader
Internal Server Error: /fake_data/2
Traceback (most recent call last):
  File "D:\GB\TASKS\Django\.virt\Lib\site-packages\django\core\handlers\exception.py", line 55, in inner
    response = get_response(request)
               ^^^^^^^^^^^^^^^^^^^^^
  File "D:\GB\TASKS\Django\.virt\Lib\site-packages\django\core\handlers\base.py", line 197, in _get_response
    response = wrapped_callback(request, *callback_args, **callback_kwargs)
               ^^^^^^^^^^^^^^^^^^^^^^^^^^^^^^^^^^^^^^^^^^^^^^^^^^^^^^^^^^^^
  File "D:\GB\TASKS\Django\basis\basisapp\views.py", line 54, in fake_data
    total_price=f'{product.price*product.quantity}',
                   ~~~~~~~~~~~~~^~~~~~~~~~~~~~~~~
TypeError: can't multiply sequence by non-int of type 'str'
"GET /fake_data/2 HTTP/1.1" 500 66162
D:\GB\TASKS\Django\basis\basisapp\views.py changed, reloading.
Watching for file changes with StatReloader
Internal Server Error: /fake_data/2
Traceback (most recent call last):
  File "D:\GB\TASKS\Django\.virt\Lib\site-packages\django\core\handlers\exception.py", line 55, in inner
    response = get_response(request)
               ^^^^^^^^^^^^^^^^^^^^^
  File "D:\GB\TASKS\Django\.virt\Lib\site-packages\django\core\handlers\base.py", line 197, in _get_response
    response = wrapped_callback(request, *callback_args, **callback_kwargs)
               ^^^^^^^^^^^^^^^^^^^^^^^^^^^^^^^^^^^^^^^^^^^^^^^^^^^^^^^^^^^^
  File "D:\GB\TASKS\Django\basis\basisapp\views.py", line 54, in fake_data
    total_price=product.price*product.quantity,
                ~~~~~~~~~~~~~^~~~~~~~~~~~~~~~~
TypeError: can't multiply sequence by non-int of type 'str'
"GET /fake_data/2 HTTP/1.1" 500 66126
D:\GB\TASKS\Django\basis\basisapp\views.py changed, reloading.
Watching for file changes with StatReloader
"GET /fake_data/2 HTTP/1.1" 200 169
D:\GB\TASKS\Django\basis\basisapp\views.py changed, reloading.
Watching for file changes with StatReloader
Watching for file changes with StatReloader
"GET /fake_data/2 HTTP/1.1" 200 171
D:\GB\TASKS\Django\basis\basisapp\views.py changed, reloading.
Watching for file changes with StatReloader
Watching for file changes with StatReloader
Internal Server Error: /fake_data/2
Traceback (most recent call last):
  File "D:\GB\TASKS\Django\.virt\Lib\site-packages\django\core\handlers\exception.py", line 55, in inner
    response = get_response(request)
               ^^^^^^^^^^^^^^^^^^^^^
  File "D:\GB\TASKS\Django\.virt\Lib\site-packages\django\core\handlers\base.py", line 197, in _get_response
    response = wrapped_callback(request, *callback_args, **callback_kwargs)
               ^^^^^^^^^^^^^^^^^^^^^^^^^^^^^^^^^^^^^^^^^^^^^^^^^^^^^^^^^^^^
  File "D:\GB\TASKS\Django\basis\basisapp\views.py", line 51, in fake_data
    order=Order(user=User.objects.first(),
          ^^^^^^^^^^^^^^^^^^^^^^^^^^^^^^^^
  File "D:\GB\TASKS\Django\.virt\Lib\site-packages\django\db\models\base.py", line 543, in __init__
    _setattr(self, field.name, rel_obj)
  File "D:\GB\TASKS\Django\.virt\Lib\site-packages\django\db\models\fields\related_descriptors.py", line 266, in __set__
    raise ValueError(
ValueError: Cannot assign "<QuerySet [<Product: “Ó‚‡403 6 24>]>": "Order.product" must be a "Product" instance.
"GET /fake_data/2 HTTP/1.1" 500 76613
Not Found: /favicon.ico
- Broken pipe from ('127.0.0.1', 54805)
D:\GB\TASKS\Django\basis\basisapp\views.py changed, reloading.
Watching for file changes with StatReloader
Internal Server Error: /fake_data/2
Traceback (most recent call last):
  File "D:\GB\TASKS\Django\.virt\Lib\site-packages\django\core\handlers\exception.py", line 55, in inner
    response = get_response(request)
               ^^^^^^^^^^^^^^^^^^^^^
  File "D:\GB\TASKS\Django\.virt\Lib\site-packages\django\core\handlers\base.py", line 197, in _get_response
    response = wrapped_callback(request, *callback_args, **callback_kwargs)
               ^^^^^^^^^^^^^^^^^^^^^^^^^^^^^^^^^^^^^^^^^^^^^^^^^^^^^^^^^^^^
  File "D:\GB\TASKS\Django\basis\basisapp\views.py", line 51, in fake_data
    order=Order(user=User.objects.first(),
          ^^^^^^^^^^^^^^^^^^^^^^^^^^^^^^^^
  File "D:\GB\TASKS\Django\.virt\Lib\site-packages\django\db\models\base.py", line 543, in __init__
    _setattr(self, field.name, rel_obj)
  File "D:\GB\TASKS\Django\.virt\Lib\site-packages\django\db\models\fields\related_descriptors.py", line 266, in __set__
    raise ValueError(
ValueError: Cannot assign "<QuerySet [<Product: “Ó‚‡526 4 13>]>": "Order.product" must be a "Product" instance.
"GET /fake_data/2 HTTP/1.1" 500 77535
D:\GB\TASKS\Django\basis\basisapp\views.py changed, reloading.
Watching for file changes with StatReloader
Internal Server Error: /fake_data/2
Traceback (most recent call last):
  File "D:\GB\TASKS\Django\.virt\Lib\site-packages\django\core\handlers\exception.py", line 55, in inner
    response = get_response(request)
               ^^^^^^^^^^^^^^^^^^^^^
  File "D:\GB\TASKS\Django\.virt\Lib\site-packages\django\core\handlers\base.py", line 197, in _get_response
    response = wrapped_callback(request, *callback_args, **callback_kwargs)
               ^^^^^^^^^^^^^^^^^^^^^^^^^^^^^^^^^^^^^^^^^^^^^^^^^^^^^^^^^^^^
  File "D:\GB\TASKS\Django\basis\basisapp\views.py", line 51, in fake_data
    order=Order(user=User.objects.first(),
          ^^^^^^^^^^^^^^^^^^^^^^^^^^^^^^^^
  File "D:\GB\TASKS\Django\.virt\Lib\site-packages\django\db\models\base.py", line 543, in __init__
    _setattr(self, field.name, rel_obj)
  File "D:\GB\TASKS\Django\.virt\Lib\site-packages\django\db\models\fields\related_descriptors.py", line 266, in __set__
    raise ValueError(
ValueError: Cannot assign "<QuerySet [<Product: “Ó‚‡526 4 13>]>": "Order.product" must be a "Product" instance.
"GET /fake_data/2 HTTP/1.1" 500 77597
D:\GB\TASKS\Django\basis\basisapp\views.py changed, reloading.
Watching for file changes with StatReloader
Internal Server Error: /fake_data/2
Traceback (most recent call last):
  File "D:\GB\TASKS\Django\.virt\Lib\site-packages\django\core\handlers\exception.py", line 55, in inner
    response = get_response(request)
               ^^^^^^^^^^^^^^^^^^^^^
  File "D:\GB\TASKS\Django\.virt\Lib\site-packages\django\core\handlers\base.py", line 197, in _get_response
    response = wrapped_callback(request, *callback_args, **callback_kwargs)
               ^^^^^^^^^^^^^^^^^^^^^^^^^^^^^^^^^^^^^^^^^^^^^^^^^^^^^^^^^^^^
  File "D:\GB\TASKS\Django\basis\basisapp\views.py", line 51, in fake_data
    order=Order(user=User.objects.first(),
          ^^^^^^^^^^^^^^^^^^^^^^^^^^^^^^^^
  File "D:\GB\TASKS\Django\.virt\Lib\site-packages\django\db\models\base.py", line 543, in __init__
    _setattr(self, field.name, rel_obj)
  File "D:\GB\TASKS\Django\.virt\Lib\site-packages\django\db\models\fields\related_descriptors.py", line 266, in __set__
    raise ValueError(
ValueError: Cannot assign "<QuerySet [<Product: “Ó‚‡685 2 94>]>": "Order.product" must be a "Product" instance.
"GET /fake_data/2 HTTP/1.1" 500 77582
D:\GB\TASKS\Django\basis\basisapp\views.py changed, reloading.
Watching for file changes with StatReloader
"GET /fake_data/2 HTTP/1.1" 200 169
D:\GB\TASKS\Django\basis\basisapp\views.py changed, reloading.
Watching for file changes with StatReloader
D:\GB\TASKS\Django\basis\basisapp\views.py changed, reloading.
Watching for file changes with StatReloader
Watching for file changes with StatReloader
"GET / HTTP/1.1" 200 256
Not Found: /favicon.ico
- Broken pipe from ('127.0.0.1', 55352)
Internal Server Error: /fake_data/2
Traceback (most recent call last):
  File "D:\GB\TASKS\Django\.virt\Lib\site-packages\django\core\handlers\exception.py", line 55, in inner
    response = get_response(request)
               ^^^^^^^^^^^^^^^^^^^^^
  File "D:\GB\TASKS\Django\.virt\Lib\site-packages\django\core\handlers\base.py", line 197, in _get_response
    response = wrapped_callback(request, *callback_args, **callback_kwargs)
               ^^^^^^^^^^^^^^^^^^^^^^^^^^^^^^^^^^^^^^^^^^^^^^^^^^^^^^^^^^^^
  File "D:\GB\TASKS\Django\basis\basisapp\views.py", line 51, in fake_data
    order=Order(user=User.objects.filter(id__exact=randint(1, count)),
          ^^^^^^^^^^^^^^^^^^^^^^^^^^^^^^^^^^^^^^^^^^^^^^^^^^^^^^^^^^^^
  File "D:\GB\TASKS\Django\.virt\Lib\site-packages\django\db\models\base.py", line 543, in __init__
    _setattr(self, field.name, rel_obj)
  File "D:\GB\TASKS\Django\.virt\Lib\site-packages\django\db\models\fields\related_descriptors.py", line 266, in __set__
    raise ValueError(
ValueError: Cannot assign "<QuerySet [<User: ‘‡ÏËÎËˇ966, »Ïˇ966>]>": "Order.user" must be a "User" instance.
"GET /fake_data/2 HTTP/1.1" 500 76834
Not Found: /favicon.ico
- Broken pipe from ('127.0.0.1', 55357)
D:\GB\TASKS\Django\basis\basisapp\views.py changed, reloading.
Watching for file changes with StatReloader
D:\GB\TASKS\Django\basis\basisapp\views.py changed, reloading.
Watching for file changes with StatReloader
Internal Server Error: /fake_data/2
Traceback (most recent call last):
  File "D:\GB\TASKS\Django\.virt\Lib\site-packages\django\core\handlers\exception.py", line 55, in inner
    response = get_response(request)
               ^^^^^^^^^^^^^^^^^^^^^
  File "D:\GB\TASKS\Django\.virt\Lib\site-packages\django\core\handlers\base.py", line 197, in _get_response
    response = wrapped_callback(request, *callback_args, **callback_kwargs)
               ^^^^^^^^^^^^^^^^^^^^^^^^^^^^^^^^^^^^^^^^^^^^^^^^^^^^^^^^^^^^
  File "D:\GB\TASKS\Django\basis\basisapp\views.py", line 51, in fake_data
    order=Order(user=user.filter(id__exact=1),#randint(1, count)),
          ^^^^^^^^^^^^^^^^^^^^^^^^^^^^^^^^^^^^^^^^^^^^^^^^^^^^^^^^
  File "D:\GB\TASKS\Django\.virt\Lib\site-packages\django\db\models\base.py", line 543, in __init__
    _setattr(self, field.name, rel_obj)
  File "D:\GB\TASKS\Django\.virt\Lib\site-packages\django\db\models\fields\related_descriptors.py", line 266, in __set__
    raise ValueError(
ValueError: Cannot assign "<QuerySet [<User: ‘‡ÏËÎËˇ122, »Ïˇ122>]>": "Order.user" must be a "User" instance.
"GET /fake_data/2 HTTP/1.1" 500 76825
Not Found: /favicon.ico
- Broken pipe from ('127.0.0.1', 55674)
D:\GB\TASKS\Django\basis\basisapp\views.py changed, reloading.
Watching for file changes with StatReloader
D:\GB\TASKS\Django\basis\basisapp\views.py changed, reloading.
Watching for file changes with StatReloader
Internal Server Error: /fake_data/2
Traceback (most recent call last):
  File "D:\GB\TASKS\Django\.virt\Lib\site-packages\django\core\handlers\exception.py", line 55, in inner
    response = get_response(request)
               ^^^^^^^^^^^^^^^^^^^^^
  File "D:\GB\TASKS\Django\.virt\Lib\site-packages\django\core\handlers\base.py", line 197, in _get_response
    response = wrapped_callback(request, *callback_args, **callback_kwargs)
               ^^^^^^^^^^^^^^^^^^^^^^^^^^^^^^^^^^^^^^^^^^^^^^^^^^^^^^^^^^^^
  File "D:\GB\TASKS\Django\basis\basisapp\views.py", line 53, in fake_data
    order=Order(user=user.filter(id=1),#randint(1, count)),
          ^^^^^^^^^^^^^^^^^^^^^^^^^^^^^^^^^^^^^^^^^^^^^^^^^
  File "D:\GB\TASKS\Django\.virt\Lib\site-packages\django\db\models\base.py", line 543, in __init__
    _setattr(self, field.name, rel_obj)
  File "D:\GB\TASKS\Django\.virt\Lib\site-packages\django\db\models\fields\related_descriptors.py", line 266, in __set__
    raise ValueError(
ValueError: Cannot assign "<QuerySet [<User: ‘‡ÏËÎËˇ122, »Ïˇ122>]>": "Order.user" must be a "User" instance.
"GET /fake_data/2 HTTP/1.1" 500 76895
Not Found: /favicon.ico
- Broken pipe from ('127.0.0.1', 55809)
Watching for file changes with StatReloader
Internal Server Error: /fake_data/1
Traceback (most recent call last):
  File "D:\GB\TASKS\Django\.virt\Lib\site-packages\django\core\handlers\exception.py", line 55, in inner
    response = get_response(request)
               ^^^^^^^^^^^^^^^^^^^^^
  File "D:\GB\TASKS\Django\.virt\Lib\site-packages\django\core\handlers\base.py", line 197, in _get_response
    response = wrapped_callback(request, *callback_args, **callback_kwargs)
               ^^^^^^^^^^^^^^^^^^^^^^^^^^^^^^^^^^^^^^^^^^^^^^^^^^^^^^^^^^^^
  File "D:\GB\TASKS\Django\basis\basisapp\views.py", line 53, in fake_data
    order=Order(user=user.filter(id=1),#randint(1, count)),
          ^^^^^^^^^^^^^^^^^^^^^^^^^^^^^^^^^^^^^^^^^^^^^^^^^
  File "D:\GB\TASKS\Django\.virt\Lib\site-packages\django\db\models\base.py", line 543, in __init__
    _setattr(self, field.name, rel_obj)
  File "D:\GB\TASKS\Django\.virt\Lib\site-packages\django\db\models\fields\related_descriptors.py", line 266, in __set__
    raise ValueError(
ValueError: Cannot assign "<QuerySet [<User: ‘‡ÏËÎËˇ786, »Ïˇ786>]>": "Order.user" must be a "User" instance.
"GET /fake_data/1 HTTP/1.1" 500 76677
D:\GB\TASKS\Django\basis\basisapp\views.py changed, reloading.
Watching for file changes with StatReloader
"GET /fake_data/1 HTTP/1.1" 200 169
Not Found: /favicon.ico
- Broken pipe from ('127.0.0.1', 56171)
D:\GB\TASKS\Django\basis\basisapp\views.py changed, reloading.
Watching for file changes with StatReloader
"GET /fake_data/1 HTTP/1.1" 200 169
D:\GB\TASKS\Django\basis\basisapp\views.py changed, reloading.
Watching for file changes with StatReloader
Internal Server Error: /fake_data/1
Traceback (most recent call last):
  File "D:\GB\TASKS\Django\.virt\Lib\site-packages\django\core\handlers\exception.py", line 55, in inner
    response = get_response(request)
               ^^^^^^^^^^^^^^^^^^^^^
  File "D:\GB\TASKS\Django\.virt\Lib\site-packages\django\core\handlers\base.py", line 197, in _get_response
    response = wrapped_callback(request, *callback_args, **callback_kwargs)
               ^^^^^^^^^^^^^^^^^^^^^^^^^^^^^^^^^^^^^^^^^^^^^^^^^^^^^^^^^^^^
  File "D:\GB\TASKS\Django\basis\basisapp\views.py", line 60, in fake_data
    total_price=product.price*product.quantity,
                ^^^^^^^^^^^^^
AttributeError: 'QuerySet' object has no attribute 'price'
"GET /fake_data/1 HTTP/1.1" 500 66946
D:\GB\TASKS\Django\basis\basisapp\views.py changed, reloading.
Watching for file changes with StatReloader
D:\GB\TASKS\Django\basis\basisapp\views.py changed, reloading.
Watching for file changes with StatReloader
D:\GB\TASKS\Django\basis\basisapp\views.py changed, reloading.
Watching for file changes with StatReloader
"GET / HTTP/1.1" 200 256
"GET /fake_data/1 HTTP/1.1" 200 169
D:\GB\TASKS\Django\basis\basisapp\views.py changed, reloading.
Watching for file changes with StatReloader
Internal Server Error: /fake_data/1
Traceback (most recent call last):
  File "D:\GB\TASKS\Django\.virt\Lib\site-packages\django\core\handlers\exception.py", line 55, in inner
    response = get_response(request)
               ^^^^^^^^^^^^^^^^^^^^^
  File "D:\GB\TASKS\Django\.virt\Lib\site-packages\django\core\handlers\base.py", line 197, in _get_response
    response = wrapped_callback(request, *callback_args, **callback_kwargs)
               ^^^^^^^^^^^^^^^^^^^^^^^^^^^^^^^^^^^^^^^^^^^^^^^^^^^^^^^^^^^^
  File "D:\GB\TASKS\Django\basis\basisapp\views.py", line 54, in fake_data
    order=Order(user=User.objects.filter(id__exact=randint(1, count)),#randint(1, count)),
          ^^^^^^^^^^^^^^^^^^^^^^^^^^^^^^^^^^^^^^^^^^^^^^^^^^^^^^^^^^^^^^^^^^^^^^^^^^^^^^^^
  File "D:\GB\TASKS\Django\.virt\Lib\site-packages\django\db\models\base.py", line 543, in __init__
    _setattr(self, field.name, rel_obj)
  File "D:\GB\TASKS\Django\.virt\Lib\site-packages\django\db\models\fields\related_descriptors.py", line 266, in __set__
    raise ValueError(
ValueError: Cannot assign "<QuerySet [<User: ‘‡ÏËÎËˇ786, »Ïˇ786>]>": "Order.user" must be a "User" instance.
"GET /fake_data/1 HTTP/1.1" 500 76720
Not Found: /favicon.ico
- Broken pipe from ('127.0.0.1', 56627)
D:\GB\TASKS\Django\basis\basisapp\views.py changed, reloading.
Watching for file changes with StatReloader
Internal Server Error: /fake_data/1
Traceback (most recent call last):
  File "D:\GB\TASKS\Django\.virt\Lib\site-packages\django\core\handlers\exception.py", line 55, in inner
    response = get_response(request)
               ^^^^^^^^^^^^^^^^^^^^^
  File "D:\GB\TASKS\Django\.virt\Lib\site-packages\django\core\handlers\base.py", line 197, in _get_response
    response = wrapped_callback(request, *callback_args, **callback_kwargs)
               ^^^^^^^^^^^^^^^^^^^^^^^^^^^^^^^^^^^^^^^^^^^^^^^^^^^^^^^^^^^^
  File "D:\GB\TASKS\Django\basis\basisapp\views.py", line 54, in fake_data
    order=Order(user=User.objects.filter(id=randint(1, count)),#randint(1, count)),
          ^^^^^^^^^^^^^^^^^^^^^^^^^^^^^^^^^^^^^^^^^^^^^^^^^^^^^^^^^^^^^^^^^^^^^^^^^
  File "D:\GB\TASKS\Django\.virt\Lib\site-packages\django\db\models\base.py", line 543, in __init__
    _setattr(self, field.name, rel_obj)
  File "D:\GB\TASKS\Django\.virt\Lib\site-packages\django\db\models\fields\related_descriptors.py", line 266, in __set__
    raise ValueError(
ValueError: Cannot assign "<QuerySet [<User: ‘‡ÏËÎËˇ786, »Ïˇ786>]>": "Order.user" must be a "User" instance.
"GET /fake_data/1 HTTP/1.1" 500 76702
Not Found: /favicon.ico
"GET /favicon.ico HTTP/1.1" 404 2539
D:\GB\TASKS\Django\basis\basisapp\views.py changed, reloading.
Watching for file changes with StatReloader
"GET /fake_data/1 HTTP/1.1" 200 185
Not Found: /favicon.ico
- Broken pipe from ('127.0.0.1', 56801)
"GET /fake_data/1 HTTP/1.1" 200 185
Not Found: /favicon.ico
- Broken pipe from ('127.0.0.1', 56808)
"GET /fake_data/1 HTTP/1.1" 200 186
Not Found: /favicon.ico
- Broken pipe from ('127.0.0.1', 56813)
Watching for file changes with StatReloader
"GET /fake_data/1 HTTP/1.1" 200 188
Not Found: /favicon.ico
- Broken pipe from ('127.0.0.1', 56840)
D:\GB\TASKS\Django\basis\basisapp\views.py changed, reloading.
Watching for file changes with StatReloader
D:\GB\TASKS\Django\basis\basisapp\views.py changed, reloading.
Watching for file changes with StatReloader
D:\GB\TASKS\Django\basis\basisapp\views.py changed, reloading.
Watching for file changes with StatReloader
D:\GB\TASKS\Django\basis\basisapp\views.py changed, reloading.
Watching for file changes with StatReloader
Internal Server Error: /fake_data/1
Traceback (most recent call last):
  File "D:\GB\TASKS\Django\.virt\Lib\site-packages\django\core\handlers\exception.py", line 55, in inner
    response = get_response(request)
               ^^^^^^^^^^^^^^^^^^^^^
  File "D:\GB\TASKS\Django\.virt\Lib\site-packages\django\core\handlers\base.py", line 197, in _get_response
    response = wrapped_callback(request, *callback_args, **callback_kwargs)
               ^^^^^^^^^^^^^^^^^^^^^^^^^^^^^^^^^^^^^^^^^^^^^^^^^^^^^^^^^^^^
  File "D:\GB\TASKS\Django\basis\basisapp\views.py", line 57, in fake_data
    order.save()
  File "D:\GB\TASKS\Django\.virt\Lib\site-packages\django\db\models\base.py", line 778, in save
    self._prepare_related_fields_for_save(operation_name="save")
  File "D:\GB\TASKS\Django\.virt\Lib\site-packages\django\db\models\base.py", line 1093, in _prepare_related_fields_for_save
    raise ValueError(
ValueError: save() prohibited to prevent data loss due to unsaved related object 'user'.
"GET /fake_data/1 HTTP/1.1" 500 75447
Not Found: /favicon.ico
- Broken pipe from ('127.0.0.1', 57371)
D:\GB\TASKS\Django\basis\basisapp\models.py changed, reloading.
Watching for file changes with StatReloader
D:\GB\TASKS\Django\basis\basisapp\views.py changed, reloading.
Watching for file changes with StatReloader
D:\GB\TASKS\Django\basis\basisapp\views.py changed, reloading.
Watching for file changes with StatReloader
Internal Server Error: /fake_data/1
Traceback (most recent call last):
  File "D:\GB\TASKS\Django\.virt\Lib\site-packages\django\core\handlers\exception.py", line 55, in inner
    response = get_response(request)
               ^^^^^^^^^^^^^^^^^^^^^
  File "D:\GB\TASKS\Django\.virt\Lib\site-packages\django\core\handlers\base.py", line 197, in _get_response
    response = wrapped_callback(request, *callback_args, **callback_kwargs)
               ^^^^^^^^^^^^^^^^^^^^^^^^^^^^^^^^^^^^^^^^^^^^^^^^^^^^^^^^^^^^
  File "D:\GB\TASKS\Django\basis\basisapp\views.py", line 57, in fake_data
    order.save()
  File "D:\GB\TASKS\Django\.virt\Lib\site-packages\django\db\models\base.py", line 778, in save
    self._prepare_related_fields_for_save(operation_name="save")
  File "D:\GB\TASKS\Django\.virt\Lib\site-packages\django\db\models\base.py", line 1093, in _prepare_related_fields_for_save
    raise ValueError(
ValueError: save() prohibited to prevent data loss due to unsaved related object 'user'.
"GET /fake_data/1 HTTP/1.1" 500 75455
D:\GB\TASKS\Django\basis\basisapp\views.py changed, reloading.
Watching for file changes with StatReloader
D:\GB\TASKS\Django\basis\basisapp\views.py changed, reloading.
Watching for file changes with StatReloader
"GET /fake_data/1 HTTP/1.1" 200 186
Not Found: /favicon.ico
- Broken pipe from ('127.0.0.1', 57702)
Watching for file changes with StatReloader
"GET /fake_data/3 HTTP/1.1" 200 188
D:\GB\TASKS\Django\basis\basisapp\views.py changed, reloading.
Watching for file changes with StatReloader
Watching for file changes with StatReloader
Internal Server Error: /fake_data/3
Traceback (most recent call last):
  File "D:\GB\TASKS\Django\.virt\Lib\site-packages\django\core\handlers\exception.py", line 55, in inner
    response = get_response(request)
               ^^^^^^^^^^^^^^^^^^^^^
  File "D:\GB\TASKS\Django\.virt\Lib\site-packages\django\core\handlers\base.py", line 197, in _get_response
    response = wrapped_callback(request, *callback_args, **callback_kwargs)
               ^^^^^^^^^^^^^^^^^^^^^^^^^^^^^^^^^^^^^^^^^^^^^^^^^^^^^^^^^^^^
  File "D:\GB\TASKS\Django\basis\basisapp\views.py", line 53, in fake_data
    product=product.filter(id=randint(1, count*4)),
            ^^^^^^^^^^^^^^
AttributeError: 'Product' object has no attribute 'filter'
"GET /fake_data/3 HTTP/1.1" 500 65761
Not Found: /favicon.ico
- Broken pipe from ('127.0.0.1', 57985)
D:\GB\TASKS\Django\basis\basisapp\views.py changed, reloading.
Watching for file changes with StatReloader
Internal Server Error: /fake_data/3
Traceback (most recent call last):
  File "D:\GB\TASKS\Django\.virt\Lib\site-packages\django\core\handlers\exception.py", line 55, in inner
    response = get_response(request)
               ^^^^^^^^^^^^^^^^^^^^^
  File "D:\GB\TASKS\Django\.virt\Lib\site-packages\django\core\handlers\base.py", line 197, in _get_response
    response = wrapped_callback(request, *callback_args, **callback_kwargs)
               ^^^^^^^^^^^^^^^^^^^^^^^^^^^^^^^^^^^^^^^^^^^^^^^^^^^^^^^^^^^^
  File "D:\GB\TASKS\Django\basis\basisapp\views.py", line 50, in fake_data
    order=Order(user=users,
          ^^^^^^^^^^^^^^^^^
  File "D:\GB\TASKS\Django\.virt\Lib\site-packages\django\db\models\base.py", line 543, in __init__
    _setattr(self, field.name, rel_obj)
  File "D:\GB\TASKS\Django\.virt\Lib\site-packages\django\db\models\fields\related_descriptors.py", line 266, in __set__
    raise ValueError(
ValueError: Cannot assign "<QuerySet [<Product: “Ó‚‡939 4 45>]>": "Order.product" must be a "Product" instance.
"GET /fake_data/3 HTTP/1.1" 500 76575
D:\GB\TASKS\Django\basis\basisapp\views.py changed, reloading.
Watching for file changes with StatReloader
D:\GB\TASKS\Django\basis\basisapp\views.py changed, reloading.
Watching for file changes with StatReloader
"GET /fake_data/3 HTTP/1.1" 200 205
Watching for file changes with StatReloader
"GET /fake_data/3 HTTP/1.1" 200 205
D:\GB\TASKS\Django\basis\basisapp\views.py changed, reloading.
Watching for file changes with StatReloader
Internal Server Error: /fake_data/3
Traceback (most recent call last):
  File "D:\GB\TASKS\Django\.virt\Lib\site-packages\django\core\handlers\exception.py", line 55, in inner
    response = get_response(request)
               ^^^^^^^^^^^^^^^^^^^^^
  File "D:\GB\TASKS\Django\.virt\Lib\site-packages\django\core\handlers\base.py", line 197, in _get_response
    response = wrapped_callback(request, *callback_args, **callback_kwargs)
               ^^^^^^^^^^^^^^^^^^^^^^^^^^^^^^^^^^^^^^^^^^^^^^^^^^^^^^^^^^^^
  File "D:\GB\TASKS\Django\basis\basisapp\views.py", line 53, in fake_data
    product=product.objects.filter(id=x),
            ^^^^^^^^^^^^^^^
  File "D:\GB\TASKS\Django\.virt\Lib\site-packages\django\db\models\manager.py", line 186, in __get__
    raise AttributeError(
AttributeError: Manager isn't accessible via Product instances
"GET /fake_data/3 HTTP/1.1" 500 69808
D:\GB\TASKS\Django\basis\basisapp\views.py changed, reloading.
Watching for file changes with StatReloader
"GET /fake_data/3 HTTP/1.1" 200 204
D:\GB\TASKS\Django\basis\basisapp\views.py changed, reloading.
Watching for file changes with StatReloader
Internal Server Error: /fake_data/3
Traceback (most recent call last):
  File "D:\GB\TASKS\Django\.virt\Lib\site-packages\django\core\handlers\exception.py", line 55, in inner
    response = get_response(request)
               ^^^^^^^^^^^^^^^^^^^^^
  File "D:\GB\TASKS\Django\.virt\Lib\site-packages\django\core\handlers\base.py", line 197, in _get_response
    response = wrapped_callback(request, *callback_args, **callback_kwargs)
               ^^^^^^^^^^^^^^^^^^^^^^^^^^^^^^^^^^^^^^^^^^^^^^^^^^^^^^^^^^^^
  File "D:\GB\TASKS\Django\basis\basisapp\views.py", line 51, in fake_data
    order=Order(user=users,
          ^^^^^^^^^^^^^^^^^
  File "D:\GB\TASKS\Django\.virt\Lib\site-packages\django\db\models\base.py", line 543, in __init__
    _setattr(self, field.name, rel_obj)
  File "D:\GB\TASKS\Django\.virt\Lib\site-packages\django\db\models\fields\related_descriptors.py", line 266, in __set__
    raise ValueError(
ValueError: Cannot assign "<QuerySet [<Product: “Ó‚‡854 10 80>]>": "Order.product" must be a "Product" instance.
"GET /fake_data/3 HTTP/1.1" 500 76649
D:\GB\TASKS\Django\basis\basisapp\models.py changed, reloading.
Watching for file changes with StatReloader
Internal Server Error: /fake_data/3
Traceback (most recent call last):
  File "D:\GB\TASKS\Django\.virt\Lib\site-packages\django\core\handlers\exception.py", line 55, in inner
    response = get_response(request)
               ^^^^^^^^^^^^^^^^^^^^^
  File "D:\GB\TASKS\Django\.virt\Lib\site-packages\django\core\handlers\base.py", line 197, in _get_response
    response = wrapped_callback(request, *callback_args, **callback_kwargs)
               ^^^^^^^^^^^^^^^^^^^^^^^^^^^^^^^^^^^^^^^^^^^^^^^^^^^^^^^^^^^^
  File "D:\GB\TASKS\Django\basis\basisapp\views.py", line 51, in fake_data
    order=Order(user=users,
          ^^^^^^^^^^^^^^^^^
  File "D:\GB\TASKS\Django\.virt\Lib\site-packages\django\db\models\base.py", line 543, in __init__
    _setattr(self, field.name, rel_obj)
  File "D:\GB\TASKS\Django\.virt\Lib\site-packages\django\db\models\fields\related_descriptors.py", line 266, in __set__
    raise ValueError(
ValueError: Cannot assign "<QuerySet [<Product: “Ó‚‡121>]>": "Order.product" must be a "Product" instance.
"GET /fake_data/3 HTTP/1.1" 500 76605
Watching for file changes with StatReloader
Internal Server Error: /fake_data/3
Traceback (most recent call last):
  File "D:\GB\TASKS\Django\.virt\Lib\site-packages\django\core\handlers\exception.py", line 55, in inner
    response = get_response(request)
               ^^^^^^^^^^^^^^^^^^^^^
  File "D:\GB\TASKS\Django\.virt\Lib\site-packages\django\core\handlers\base.py", line 197, in _get_response
    response = wrapped_callback(request, *callback_args, **callback_kwargs)
               ^^^^^^^^^^^^^^^^^^^^^^^^^^^^^^^^^^^^^^^^^^^^^^^^^^^^^^^^^^^^
  File "D:\GB\TASKS\Django\basis\basisapp\views.py", line 51, in fake_data
    order=Order(user=users,
          ^^^^^^^^^^^^^^^^^
  File "D:\GB\TASKS\Django\.virt\Lib\site-packages\django\db\models\base.py", line 543, in __init__
    _setattr(self, field.name, rel_obj)
  File "D:\GB\TASKS\Django\.virt\Lib\site-packages\django\db\models\fields\related_descriptors.py", line 266, in __set__
    raise ValueError(
ValueError: Cannot assign "<QuerySet [<Product: “Ó‚‡698>]>": "Order.product" must be a "Product" instance.
"GET /fake_data/3 HTTP/1.1" 500 76605
D:\GB\TASKS\Django\basis\basisapp\views.py changed, reloading.
Watching for file changes with StatReloader
D:\GB\TASKS\Django\basis\basisapp\views.py changed, reloading.
Watching for file changes with StatReloader
"GET /fake_data/3 HTTP/1.1" 200 200
Not Found: /favicon.ico
- Broken pipe from ('127.0.0.1', 59186)
Watching for file changes with StatReloader
"GET /fake_data/3 HTTP/1.1" 200 200
Not Found: /favicon.ico
- Broken pipe from ('127.0.0.1', 59246)
D:\GB\TASKS\Django\basis\basisapp\views.py changed, reloading.
Watching for file changes with StatReloader
Watching for file changes with StatReloader
"GET /fake_data/3 HTTP/1.1" 200 200
Not Found: /favicon.ico
- Broken pipe from ('127.0.0.1', 59339)
D:\GB\TASKS\Django\basis\basisapp\views.py changed, reloading.
Watching for file changes with StatReloader
Watching for file changes with StatReloader
"GET /fake_data/3 HTTP/1.1" 200 310
D:\GB\TASKS\Django\basis\basisapp\models.py changed, reloading.
Watching for file changes with StatReloader
Watching for file changes with StatReloader
"GET /fake_data/3 HTTP/1.1" 200 320
D:\GB\TASKS\Django\basis\basisapp\views.py changed, reloading.
Watching for file changes with StatReloader
D:\GB\TASKS\Django\basis\basisapp\views.py changed, reloading.
Watching for file changes with StatReloader
Internal Server Error: /fake_data/3
Traceback (most recent call last):
  File "D:\GB\TASKS\Django\.virt\Lib\site-packages\django\core\handlers\exception.py", line 55, in inner
    response = get_response(request)
               ^^^^^^^^^^^^^^^^^^^^^
  File "D:\GB\TASKS\Django\.virt\Lib\site-packages\django\core\handlers\base.py", line 197, in _get_response
    response = wrapped_callback(request, *callback_args, **callback_kwargs)
               ^^^^^^^^^^^^^^^^^^^^^^^^^^^^^^^^^^^^^^^^^^^^^^^^^^^^^^^^^^^^
  File "D:\GB\TASKS\Django\basis\basisapp\views.py", line 58, in fake_data
    total_price=Product.objects.get(Product.price)*Product.objects.get(Product.quantity), #product.quantity,
               ^^^^^^^^^^^^^^^^^^^^^^^^^^^^^^^^^^
  File "D:\GB\TASKS\Django\.virt\Lib\site-packages\django\db\models\manager.py", line 87, in manager_method
    return getattr(self.get_queryset(), name)(*args, **kwargs)
           ^^^^^^^^^^^^^^^^^^^^^^^^^^^^^^^^^^^^^^^^^^^^^^^^^^^
  File "D:\GB\TASKS\Django\.virt\Lib\site-packages\django\db\models\query.py", line 623, in get
    clone = self._chain() if self.query.combinator else self.filter(*args, **kwargs)
                                                        ^^^^^^^^^^^^^^^^^^^^^^^^^^^^
  File "D:\GB\TASKS\Django\.virt\Lib\site-packages\django\db\models\query.py", line 1436, in filter
    return self._filter_or_exclude(False, args, kwargs)
           ^^^^^^^^^^^^^^^^^^^^^^^^^^^^^^^^^^^^^^^^^^^^
  File "D:\GB\TASKS\Django\.virt\Lib\site-packages\django\db\models\query.py", line 1454, in _filter_or_exclude
    clone._filter_or_exclude_inplace(negate, args, kwargs)
  File "D:\GB\TASKS\Django\.virt\Lib\site-packages\django\db\models\query.py", line 1461, in _filter_or_exclude_inplace
    self._query.add_q(Q(*args, **kwargs))
  File "D:\GB\TASKS\Django\.virt\Lib\site-packages\django\db\models\sql\query.py", line 1545, in add_q
    clause, _ = self._add_q(q_object, self.used_aliases)
                ^^^^^^^^^^^^^^^^^^^^^^^^^^^^^^^^^^^^^^^^
  File "D:\GB\TASKS\Django\.virt\Lib\site-packages\django\db\models\sql\query.py", line 1576, in _add_q
    child_clause, needed_inner = self.build_filter(
                                 ^^^^^^^^^^^^^^^^^^
  File "D:\GB\TASKS\Django\.virt\Lib\site-packages\django\db\models\sql\query.py", line 1423, in build_filter
    arg, value = filter_expr
    ^^^^^^^^^^
TypeError: cannot unpack non-iterable DeferredAttribute object
"GET /fake_data/3 HTTP/1.1" 500 107102
D:\GB\TASKS\Django\basis\basisapp\views.py changed, reloading.
Watching for file changes with StatReloader
"GET /fake_data/3 HTTP/1.1" 200 320
D:\GB\TASKS\Django\basis\basisapp\views.py changed, reloading.
Watching for file changes with StatReloader
D:\GB\TASKS\Django\basis\basisapp\urls.py changed, reloading.
Watching for file changes with StatReloader
"GET /product_table HTTP/1.1" 301 0
Internal Server Error: /product_table/
Traceback (most recent call last):
  File "D:\GB\TASKS\Django\.virt\Lib\site-packages\django\core\handlers\exception.py", line 55, in inner
    response = get_response(request)
               ^^^^^^^^^^^^^^^^^^^^^
  File "D:\GB\TASKS\Django\.virt\Lib\site-packages\django\core\handlers\base.py", line 197, in _get_response
    response = wrapped_callback(request, *callback_args, **callback_kwargs)
               ^^^^^^^^^^^^^^^^^^^^^^^^^^^^^^^^^^^^^^^^^^^^^^^^^^^^^^^^^^^^
  File "D:\GB\TASKS\Django\basis\basisapp\views.py", line 67, in product_table
    return render(request, 'basisapp/product_table.html', {'products': products})
           ^^^^^^^^^^^^^^^^^^^^^^^^^^^^^^^^^^^^^^^^^^^^^^^^^^^^^^^^^^^^^^^^^^^^^^
  File "D:\GB\TASKS\Django\.virt\Lib\site-packages\django\shortcuts.py", line 24, in render
    content = loader.render_to_string(template_name, context, request, using=using)
              ^^^^^^^^^^^^^^^^^^^^^^^^^^^^^^^^^^^^^^^^^^^^^^^^^^^^^^^^^^^^^^^^^^^^^
  File "D:\GB\TASKS\Django\.virt\Lib\site-packages\django\template\loader.py", line 61, in render_to_string
    template = get_template(template_name, using=using)
               ^^^^^^^^^^^^^^^^^^^^^^^^^^^^^^^^^^^^^^^^
  File "D:\GB\TASKS\Django\.virt\Lib\site-packages\django\template\loader.py", line 19, in get_template
    raise TemplateDoesNotExist(template_name, chain=chain)
django.template.exceptions.TemplateDoesNotExist: basisapp/product_table.html
"GET /product_table/ HTTP/1.1" 500 81477
D:\GB\TASKS\Django\basis\basisapp\views.py changed, reloading.
Watching for file changes with StatReloader
Watching for file changes with StatReloader
Internal Server Error: /product_table/
Traceback (most recent call last):
  File "D:\GB\TASKS\Django\.virt\Lib\site-packages\django\core\handlers\exception.py", line 55, in inner
    response = get_response(request)
               ^^^^^^^^^^^^^^^^^^^^^
  File "D:\GB\TASKS\Django\.virt\Lib\site-packages\django\core\handlers\base.py", line 197, in _get_response
    response = wrapped_callback(request, *callback_args, **callback_kwargs)
               ^^^^^^^^^^^^^^^^^^^^^^^^^^^^^^^^^^^^^^^^^^^^^^^^^^^^^^^^^^^^
  File "D:\GB\TASKS\Django\basis\basisapp\views.py", line 66, in product_table
    product = Product.objects.get(id)
              ^^^^^^^^^^^^^^^^^^^^^^^
  File "D:\GB\TASKS\Django\.virt\Lib\site-packages\django\db\models\manager.py", line 87, in manager_method
    return getattr(self.get_queryset(), name)(*args, **kwargs)
           ^^^^^^^^^^^^^^^^^^^^^^^^^^^^^^^^^^^^^^^^^^^^^^^^^^^
  File "D:\GB\TASKS\Django\.virt\Lib\site-packages\django\db\models\query.py", line 623, in get
    clone = self._chain() if self.query.combinator else self.filter(*args, **kwargs)
                                                        ^^^^^^^^^^^^^^^^^^^^^^^^^^^^
  File "D:\GB\TASKS\Django\.virt\Lib\site-packages\django\db\models\query.py", line 1436, in filter
    return self._filter_or_exclude(False, args, kwargs)
           ^^^^^^^^^^^^^^^^^^^^^^^^^^^^^^^^^^^^^^^^^^^^
  File "D:\GB\TASKS\Django\.virt\Lib\site-packages\django\db\models\query.py", line 1454, in _filter_or_exclude
    clone._filter_or_exclude_inplace(negate, args, kwargs)
  File "D:\GB\TASKS\Django\.virt\Lib\site-packages\django\db\models\query.py", line 1461, in _filter_or_exclude_inplace
    self._query.add_q(Q(*args, **kwargs))
  File "D:\GB\TASKS\Django\.virt\Lib\site-packages\django\db\models\sql\query.py", line 1545, in add_q
    clause, _ = self._add_q(q_object, self.used_aliases)
                ^^^^^^^^^^^^^^^^^^^^^^^^^^^^^^^^^^^^^^^^
  File "D:\GB\TASKS\Django\.virt\Lib\site-packages\django\db\models\sql\query.py", line 1576, in _add_q
    child_clause, needed_inner = self.build_filter(
                                 ^^^^^^^^^^^^^^^^^^
  File "D:\GB\TASKS\Django\.virt\Lib\site-packages\django\db\models\sql\query.py", line 1423, in build_filter
    arg, value = filter_expr
    ^^^^^^^^^^
TypeError: cannot unpack non-iterable builtin_function_or_method object
"GET /product_table/ HTTP/1.1" 500 101936
Not Found: /favicon.ico
- Broken pipe from ('127.0.0.1', 61462)
"GET / HTTP/1.1" 200 256
Not Found: /fake_data/
"GET /fake_data/ HTTP/1.1" 404 2697
D:\GB\TASKS\Django\basis\basisapp\views.py changed, reloading.
Watching for file changes with StatReloader
Not Found: /fake_data/
"GET /fake_data/ HTTP/1.1" 404 2697
Not Found: /fake_data/
"GET /fake_data/ HTTP/1.1" 404 2697
Watching for file changes with StatReloader
"GET / HTTP/1.1" 200 256
Not Found: /fake_data/
"GET /fake_data/ HTTP/1.1" 404 2714
"GET /fake_data/2 HTTP/1.1" 200 318
D:\GB\TASKS\Django\basis\basisapp\views.py changed, reloading.
Watching for file changes with StatReloader
"GET /fake_data/2 HTTP/1.1" 200 320
"GET / HTTP/1.1" 200 285
Internal Server Error: /product_table/3
Traceback (most recent call last):
  File "D:\GB\TASKS\Django\.virt\Lib\site-packages\django\core\handlers\exception.py", line 55, in inner
    response = get_response(request)
               ^^^^^^^^^^^^^^^^^^^^^
  File "D:\GB\TASKS\Django\.virt\Lib\site-packages\django\core\handlers\base.py", line 197, in _get_response
    response = wrapped_callback(request, *callback_args, **callback_kwargs)
               ^^^^^^^^^^^^^^^^^^^^^^^^^^^^^^^^^^^^^^^^^^^^^^^^^^^^^^^^^^^^
  File "D:\GB\TASKS\Django\basis\basisapp\views.py", line 67, in product_table
    product = Product.objects.get(id=i)
              ^^^^^^^^^^^^^^^^^^^^^^^^^
  File "D:\GB\TASKS\Django\.virt\Lib\site-packages\django\db\models\manager.py", line 87, in manager_method
    return getattr(self.get_queryset(), name)(*args, **kwargs)
           ^^^^^^^^^^^^^^^^^^^^^^^^^^^^^^^^^^^^^^^^^^^^^^^^^^^
  File "D:\GB\TASKS\Django\.virt\Lib\site-packages\django\db\models\query.py", line 637, in get
    raise self.model.DoesNotExist(
basisapp.models.Product.DoesNotExist: Product matching query does not exist.
"GET /product_table/3 HTTP/1.1" 500 75057
D:\GB\TASKS\Django\basis\basisapp\views.py changed, reloading.
Watching for file changes with StatReloader
"GET /product_table/3 HTTP/1.1" 200 136
"GET /product_table/3 HTTP/1.1" 200 136
D:\GB\TASKS\Django\basis\basisapp\views.py changed, reloading.
Watching for file changes with StatReloader
"GET /product_table/3 HTTP/1.1" 200 145
"GET /product_table/10 HTTP/1.1" 200 145
"GET /product_table/10 HTTP/1.1" 200 145
D:\GB\TASKS\Django\basis\basisapp\views.py changed, reloading.
Watching for file changes with StatReloader
Internal Server Error: /product_table/10
Traceback (most recent call last):
  File "D:\GB\TASKS\Django\.virt\Lib\site-packages\django\core\handlers\exception.py", line 55, in inner
    response = get_response(request)
               ^^^^^^^^^^^^^^^^^^^^^
  File "D:\GB\TASKS\Django\.virt\Lib\site-packages\django\core\handlers\base.py", line 204, in _get_response
    self.check_response(response, callback)
  File "D:\GB\TASKS\Django\.virt\Lib\site-packages\django\core\handlers\base.py", line 332, in check_response
    raise ValueError(
ValueError: The view basisapp.views.product_table didn't return an HttpResponse object. It returned None instead.
"GET /product_table/10 HTTP/1.1" 500 65695
Not Found: /favicon.ico
- Broken pipe from ('127.0.0.1', 62186)
